Arguments: 
  C:\Program Files\nodejs\node.exe C:\Users\Neenu Shaji\AppData\Roaming\npm\node_modules\yarn\bin\yarn.js add easljs --save

PATH: 
  C:\Program Files (x86)\Common Files\Oracle\Java\javapath;C:\ProgramData\Oracle\Java\javapath;C:\Program Files (x86)\Intel\iCLS Client\;C:\Program Files\Intel\iCLS Client\;C:\Windows\system32;C:\Windows;C:\Windows\System32\Wbem;C:\Windows\System32\WindowsPowerShell\v1.0\;C:\Program Files (x86)\Intel\Intel(R) Management Engine Components\DAL;C:\Program Files\Intel\Intel(R) Management Engine Components\DAL;C:\Program Files (x86)\Intel\Intel(R) Management Engine Components\IPT;C:\Program Files\Intel\Intel(R) Management Engine Components\IPT;C:\Program Files\Intel\WiFi\bin\;C:\Program Files\Common Files\Intel\WirelessCommon\;C:\Program Files\dotnet\;C:\Program Files\nodejs\;C:\Program Files\Microsoft SQL Server\130\Tools\Binn\;C:\Program Files\Microsoft VS Code\bin;C:\Program Files\Git\cmd;C:\Users\Neenu Shaji\AppData\Local\Programs\Python\Python36-32\Scripts\;C:\Users\Neenu Shaji\AppData\Local\Programs\Python\Python36-32\;C:\Users\Neenu Shaji\AppData\Local\Microsoft\WindowsApps;"C:\Program Files\Microsoft VS Code\bin;";"C:\Program Files\nodejs;";"C:\Users\Neenu Shaji\AppData\Local\Android\Sdk\platform-tools;";"C:\Program Files\Git;";C:\Users\Neenu Shaji\AppData\Roaming\npm;

Yarn version: 
  1.9.2

Node version: 
  8.11.2

Platform: 
  win32 x64

Trace: 
  Error: https://registry.yarnpkg.com/easljs: Not found
      at Request.params.callback [as _callback] (C:\Users\Neenu Shaji\AppData\Roaming\npm\node_modules\yarn\lib\cli.js:64150:18)
      at Request.self.callback (C:\Users\Neenu Shaji\AppData\Roaming\npm\node_modules\yarn\lib\cli.js:137416:22)
      at emitTwo (events.js:126:13)
      at Request.emit (events.js:214:7)
      at Request.<anonymous> (C:\Users\Neenu Shaji\AppData\Roaming\npm\node_modules\yarn\lib\cli.js:138388:10)
      at emitOne (events.js:116:13)
      at Request.emit (events.js:211:7)
      at IncomingMessage.<anonymous> (C:\Users\Neenu Shaji\AppData\Roaming\npm\node_modules\yarn\lib\cli.js:138310:12)
      at Object.onceWrapper (events.js:313:30)
      at emitNone (events.js:111:20)

npm manifest: 
  {
    "name": "comp397_assignment2",
    "version": "1.0.0",
    "main": "index.js",
    "scripts": {
      "test": "echo \"Error: no test specified\" && exit 1"
    },
    "repository": {
      "type": "git",
      "url": "git+https://github.com/Neenu1995/COMP397_Assignment2.git"
    },
    "author": "",
    "license": "ISC",
    "bugs": {
      "url": "https://github.com/Neenu1995/COMP397_Assignment2/issues"
    },
    "homepage": "https://github.com/Neenu1995/COMP397_Assignment2#readme",
    "devDependencies": {
      "@types/easeljs": "^1.0.0",
      "@types/preloadjs": "^0.6.32",
      "@types/soundjs": "^0.6.27",
      "@types/tweenjs": "^1.0.0"
    },
    "dependencies": {},
    "description": ""
  }

yarn manifest: 
  No manifest

Lockfile: 
  No lockfile
